make.exe all --print-data-base --no-builtin-variables --no-builtin-rules --question
# GNU Make 3.81
# Copyright (C) 2006  Free Software Foundation, Inc.
# This is free software; see the source for copying conditions.
# There is NO warranty; not even for MERCHANTABILITY or FITNESS FOR A
# PARTICULAR PURPOSE.

# This program built for i386-pc-mingw32
 

# Make data base, printed on Tue Sep 06 10:13:19 2022

# Variables

# automatic
<D = $(patsubst %/,%,$(dir $<))
# automatic
?F = $(notdir $?)
# environment
WSLENV = WT_SESSION::WT_PROFILE_ID
# environment
ELECTRON_NO_ATTACH_CONSOLE = 1
# makefile
MAKEFLAGS = Rrqp
# automatic
?D = $(patsubst %/,%,$(dir $?))
# automatic
@D = $(patsubst %/,%,$(dir $@))
# environment
HOMEDRIVE = C:
# automatic
@F = $(notdir $@)
# automatic
^D = $(patsubst %/,%,$(dir $^))
# makefile
CURDIR := d:/VQode/VQode-HR-App
# default
SHE 
LL := sh.exe
# environment
WINDIR = C:\WINDOWS
# environment
VSCODE_NLS_CONFIG = {"locale":"en-us","availableLanguages":{},"_languagePackSupport":true}
# environment
VBOX_MSI_INSTALL_PATH = C:\Program Files\Oracle\VirtualBox\
# environment
ONEDRIVE = C:\Users\Radiance\OneDrive
# environment
PATHEXT = .COM;.EXE;.BAT;.CMD;.VBS;.VBE;.JS;.JSE;.WSF;.WSH;.MSC;.CPL
# makefile (from `makefile', line 1)
MAKEFILE_LIST :=  makefile
# environment
TMP = C:\Users\Radiance\AppData\Local\Temp
# environment
PROGRAMW6432 = C:\Program Files
# environment
PROGRAMDATA = C:\ProgramData
# environment
VSCODE_CWD = D:\VQode\VQode-HR-App
# environment
PATH = C:\Program Files (x86)\Common Files\Oracle\Java\javapath;C:\Windows\system32;C:\Windows;C:\Windows\System32\Wbem;C:\Windows\System32\WindowsPowerShell\v1.0\;C:\Windows\System32\OpenSSH\;C:\Program Files (x86)\NVIDIA Corporation\PhysX\Common;C:\Program Files\nodejs\;C:\Program Files\Git\cmd;C:\xampp\php;C:\ProgramData\ComposerSetup\bin;C:\Program Files\PuTTY\;C:\WINDOWS\system32;C:\WINDOWS;C:\WINDOWS\System32\Wbem;C:\WINDOWS\System32\WindowsPowerShell\v1.0\;C:\WINDOWS\System32\OpenSSH\;C:\Program Files\Docker\Docker\resources\bin;C:\ProgramData\DockerDesktop\version-bin;C:\Program Files (x86)\GnuWin32\bin;C:\Program Files\Amazon\AWSCLIV2\;C:\Users\Radiance\AppData\Local\Microsoft\WindowsApps;C:\Users\Radiance\AppData\Roaming\npm;C:\Users\Radiance\AppData\Local\Programs\Microsoft VS Code\bin;C:\Users\Radiance\AppData\Local\Programs\Fiddler;C:\Users\Radiance\AppData\Roaming\Composer\ve 
ndor\bin;C:\Users\Radiance\AppData\Local\Microsoft\WindowsApps
# environment
COMMONPROGRAMW6432 = C:\Program Files\Common Files
# environment
ZES_ENABLE_SYSMAN = 1
# environment
PROCESSOR_ARCHITECTURE = x86
# environment
USERPROFILE = C:\Users\Radiance
# environment
ALLUSERSPROFILE = C:\ProgramData
# environment
NUMBER_OF_PROCESSORS = 12
# environment
ELECTRON_RUN_AS_NODE = 1
# default
.FEATURES := target-specific order-only second-expansion else-if archives
# automatic
%F = $(notdir $%)
# environment
CHROM 
E_CRASHPAD_PIPE_NAME = \\.\pipe\crashpad_4044_EOPVMYDLULNVVCBU
# environment
COMPUTERNAME = LEGION
# environment
PROGRAMFILES = C:\Program Files (x86)
# environment
DRIVERDATA = C:\Windows\System32\Drivers\DriverData
# environment
ORIGINAL_XDG_CURRENT_DESKTOP = undefined
# environment
WT_SESSION = a01338ca-d07c-45ce-a24a-6d7320a9b0ad
# environment
USERNAME = Radiance
# environment
PUBLIC = C:\Users\Public
# environment
VSCODE_AMD_ENTRYPOINT = vs/workbench/api/node/extensionHostProcess
# environment
VSCODE_CLI = 1
# environment
VSCODE_CODE_CACHE_PATH = C:\Users\Radiance\AppData\Roaming\Code\CachedData\784b0177c56c607789f9638da7b6bf3230d47a8c
# environment
APPLICATION_INSIGHTS_NO_DIAGNOSTIC_CHANNEL = 1
# environment
COMMONPROGRAMFILES = C:\Program Files (x86)\Common Files
# environment
LOGONSERVER = \\LEGION
# environment
ONEDRIVECONSUMER = C:\Users\Radiance\OneDrive
# environment
VSCODE_HANDLES_UNCAUGHT_ERRORS = true
# environment
USERDOMAIN = LEGION
# environment
MAKE = C:\Program Files (x86)\GnuWin32\bin\mak 
e.exe
# default
MAKECMDGOALS := all
# environment
SEE_MASK_NOZONECHECKS = 1
# default
MAKE_VERSION := 3.81
# makefile
.DEFAULT_GOAL := build-staging
# environment
PROGRAMFILES(X86) = C:\Program Files (x86)
# automatic
%D = $(patsubst %/,%,$(dir $%))
# environment
LOCALAPPDATA = C:\Users\Radiance\AppData\Local
# environment
PSMODULEPATH = C:\Users\Radiance\OneDrive\Documents\WindowsPowerShell\Modules;C:\Program Files\WindowsPowerShell\Modules;C:\WINDOWS\system32\WindowsPowerShell\v1.0\Modules
# default
MAKE_ 
COMMAND := make.exe
# environment
PROCESSOR_ARCHITEW6432 = AMD64
# default
.VARIABLES := 
# automatic
*F = $(notdir $*)
# environment
PROCESSOR_IDENTIFIER = Intel64 Family 6 Model 158 Stepping 10, GenuineIntel
# environment
OS = Windows_NT
# environment
VSCODE_IPC_HOOK = \\.\pipe\5d7e00dfe02db531eba28deaaf963508-1.71.0-main-sock
# environment
HOMEPATH = \Users\Radiance
# environment
COMMONPROGRAMFILES(X86) = C:\Program Files (x86)\Common Files
# environment
PROMPT = $P$G
# environment
MFLAGS = -Rrqp
# automatic
*D = $(patsubst %/,%,$(dir $*))
# environment
SYSTEMROOT = C:\WINDOWS
# automatic
+D = $(patsubst %/,%,$(dir $+))
# automatic
+F = $(notdir $+)
# environment
APPDATA = C:\Users\Radiance\AppData\Roaming
# environment
TEMP = C:\Users\Radiance\AppData\Local\Temp
# environment
WT_PROFILE_ID = {61c54bbd-c2c6-5271-96e7-009a87ff44bf}
# environment
COMSPEC = C:\WINDOWS\system32\cmd.exe
# default
MAKEFILES := 
# automatic
<F = $(notdir $<)
# environment
LC_ALL = C
# automatic
^F = $(notdir $^)
# default
SUFFIXE 
S := 
# environment
SYSTEMDRIVE = C:
# environment
PROCESSOR_REVISION = 9e0a
# environment
MAKELEVEL := 0
# environment
LANG = C
# environment
PROCESSOR_LEVEL = 6
# environment
VSCODE_PID = 4044
# environment
USERDOMAIN_ROAMINGPROFILE = LEGION
# variable set hash-table stats:
# Load=89/1024=9%, Rehash=0, Collisions=9/110=8%

# Pattern-specific Variable Values

# No pattern-specific variable values.

# Directories

# C:\xampp\php (key C:/xampp/php, mtime 1629714959): 63 files, no impossibilities.
# C:\Program Files\Docker\Docker\resources\bin (key C:/Program Files/Docker/Docker/resources/bin, mtime 1660156804): 13 files, no impossibilities.
# C:\Users\Radiance\AppData\Local\Programs\Microsoft VS Code\bin (key C:/Users/Radiance/AppData/Local/Programs/Microsoft VS Code/bin, mtime 1662102073): 4 files, no impossibilities.
# C:\Users\Radiance\AppData\Local\Programs\Fiddler (key C:/Users/Radiance/AppData/Local/Programs/Fiddler, mtime 1625639839): 40 files, no impossibilities.
# C:\Users\Radiance\AppData\Roaming\npm (key C:/Users/Radiance/AppData/Roaming/npm, mtime 1662123611): 53 files, no impossibilities.
# C:\Windows\System32\WindowsPowerShell\v1.0\ (key C:/Windows/System32/WindowsPowerShell/v1.0/, mtime 1622903042): 30 files, no impossibilities.
# C:\Windows\System32\Wbem (key C:/Windows/System32/Wbem, mtime 1655474553): 171 files, no impossibilities.
# . (key d:/VQode/VQode-HR-App, mtime 1662373628): 29 files, no impossibilities.
# C:\Program Files (x86)\NVIDIA Corporation\PhysX\Common (key C:/Program Files (x86)/NVIDIA Corporation/PhysX/Common, mtime 1625619454): 10 files, no impossibilities.
# C:\Users\Radiance\AppData\Roaming\Composer\vendor\bin: could not be stat'd.
# C:\Program Files\nodejs\ (key C:/Program Files/nodejs/, mtime 1625668092): 11 files, no impossibilities.
# C:\Users\Radiance\AppData\Local\Microsoft\WindowsApps (key C:/Users/Radiance/AppData/Local/Microsoft/WindowsApps, mtime 1661952912): 30 files, no impossibilities.
# C:\Windows\System32\OpenSSH\: could not be stat'd.
# C:\ProgramData\ComposerSetup\bin (key C:/ProgramData/ComposerSetup/bin, mtime 1653906178): 5 files, no impossibilities.
# C:\Program Files\PuTTY\ (key C:/Program Files/PuTTY/, mtime 1654981313): 12 files, no impossibilities.
# C:\Program Files (x86)\Common Files\Oracle\Java\javapath (key C:/Program Files (x86)/Common Files/Oracle/Java/javapath, mtime 1641406227): 5 files, no impossibilities.
# C:\Windows (key C:/Windows, mtime 1662441173): 116 files, no impossibilities.
# C:\Program Files\Amazon\AWSCLIV2\ (key C:/Program Files/Amazon/AWSCLIV2/, mtime 1661856108): 39 files, no impossibilities.
# C:\ProgramData\DockerDesktop\version-bin: could not be stat'd.
# C:\Program Files\Git\cmd (key C:/Program Files/Git/cmd, mtime 1625668121): 8 files, no impossibilities.
# C:\Windows\system32 (key C:/Windows/system32, mtime 1662035857): 2988 files, no impossibilities.
# C:\Program Files (x86)\GnuWin32\bin (key C:/Program Files (x86)/GnuWin32/bin, mtime 1660220726): 5 files, no impossibilities.

# 3632 files, no impossibilities in 22 directories.

# Implicit Rules

# No implicit rules.

# Files

start-staging:
#  Phony target (prerequisite of .PHONY).
#  Implicit rule search has not been done.
#  File does not exist.
#  File has not been updated.
#  commands to execute (from `makefile', line 7):
	docker-compose -f docker/staging/docker-compose.yml up -d
	

start-production:
#  Phony target (prerequisite of .PHONY).
#  Implicit rule search has not been done.
#  File does not exist.
#  File has not been updated.
#  commands to execute (from `makefile', line 19):
	docker-compose -f docker/production/docker-compose.yml up -d
	

build-staging:
#  Phony target (prerequisite of .PHONY).
#  Implicit rule search has not been done.
#  File does not exist.
#  File has not been updated.
#  commands to execute (from `makefile', line 3):
	docker-compose -f docker/staging/docker-compose.yml build
	

# Not a target:
all:
#  Command-line target.
#  Implicit rule search has been done.
#  File does not exist.
#  File has not been updated.
# variable set hash-table stats:
# Load=0/32=0%, Rehash=0, Collisions=0/0=0%

build-production:
#  Phony target (prerequisite of .PHONY).
#  Implicit rule search has not been done.
#  File does not exist.
#  File has not been updated.
#  commands to execute (from `makefile', line 15):
	docker-compose -f docker/production/docker-compose.yml build
	

.PHONY: build-staging start-staging stop-staging build-production start-production stop-production
#  Implicit rule search has not been done.
#  Modification time never checked.
#  File has not been updated.

# Not a target:
.DEFAULT:
#  Implicit rule search has not been done.
#  Modification time never checked.
#  File has not been updated.

# Not a target:
makefile:
#  Implicit rule search has been done.
#  Last modified 2022-09-02 15:57:07
#  File has been updated.
#  Successfully updated.
# variable set hash-table stats:
# Load=0/32=0%, Rehash=0, Collisions=0/0=0%

# Not a target:
.SUFFIXES:
#  Implicit rule search has not been done.
#  Modification time never checked.
#  File has not been updated.

stop-staging:
#  Phony target (prerequisite of .PHONY).
#  Implicit rule search has not been done.
#  File does not exist.
#  File has not been updated.
#  commands to execute (from `makefile', line 11):
	docker-compose -f docker/staging/docker-compose.yml down
	

stop-production:
#  Phony target (prerequisite of .PHONY).
#  Implicit rule search has not been done.
#  File does not exist.
#  File has not been updated.
#  commands to execute (from `makefile', line 23):
	docker-compose -f docker/production/docker-compose.yml down
	

# files hash-table stats:
# Load=11/1024=1%, Rehash=0, Collisions=0/33=0%
# VPATH Search Paths

# No `vpath' search paths.

# No general (`VPATH' variable) search path.

# # of strings in strcache: 1
# # of strcache buffers: 1
# strcache size: total = 4096 / max = 4096 / min = 4096 / avg = 4096
# strcache free: total = 4087 / max = 4087 / min = 4087 / avg = 4087

# Finished Make data base on Tue Sep 06 10:13:19 2022

 
make.exe: *** No rule to make target `all'.  Stop.

